<?xml version="1.0" encoding="UTF-8"?>
<!-- Generated by org.testng.reporters.JUnitReportReporter -->
<testsuite hostname="DESKTOP-7FGOP1G" failures="0" tests="3" name="MyTest" time="21.062" errors="0" timestamp="2023-10-24T11:24:00 EET" skipped="0">
  <testcase classname="MyTest" name="LoginWithProblemUser" time="3.546"/>
  <system-out/>
  <testcase classname="MyTest" name="LoginWithPerformanceUser" time="9.666"/>
  <system-out/>
  <testcase classname="MyTest" name="LoginWithStandardUSer" time="7.850"/>
  <system-out/>
</testsuite> <!-- MyTest -->
